<?xml version="1.0" encoding="UTF-8"?>
<!-- Generated by org.testng.reporters.JUnitXMLReporter -->
<testsuite hostname="M1525101" name="ORN_VR_PatientSearch" tests="1" failures="0" timestamp="8 Dec 2016 12:21:25 GMT" time="0.032" errors="0">
  <testcase name="@BeforeTest setup" time="0.0" classname="com.cerner.pctorion.platformTests.ORN_VR_PatientSearch">
    <failure type="org.testng.TestNGException" message="
Parameter &amp;apos;browsername&amp;apos; is required by @Configuration on method setup but has not been marked @Optional or defined
in /Users/jk048034/Desktop/POMModel/orionprojectLatest/testng1.xml">
      <![CDATA[org.testng.TestNGException: 
Parameter 'browsername' is required by @Configuration on method setup but has not been marked @Optional or defined
in /Users/jk048034/Desktop/POMModel/orionprojectLatest/testng1.xml
... Removed 20 stack frames]]>
    </failure>
  </testcase> <!-- @BeforeTest setup -->
  <testcase name="@AfterMethod tearDown" time="0.0" classname="com.cerner.pctorion.platformTests.ORN_VR_PatientSearch">
    <skipped/>
  </testcase> <!-- @AfterMethod tearDown -->
  <testcase name="@AfterTest tearDown" time="0.0" classname="com.cerner.pctorion.platformTests.ORN_VR_PatientSearch">
    <skipped/>
  </testcase> <!-- @AfterTest tearDown -->
  <testcase name="VRPatientSearch" time="0.004" classname="com.cerner.pctorion.platformTests.ORN_VR_PatientSearch">
    <skipped/>
  </testcase> <!-- VRPatientSearch -->
</testsuite> <!-- ORN_VR_PatientSearch -->
