<?xml version="1.0" encoding="UTF-8"?>
<!-- Generated by org.testng.reporters.JUnitXMLReporter -->
<testsuite hostname="M1525101" name="Test" tests="2" failures="0" timestamp="8 Dec 2016 12:52:31 GMT" time="0.027" errors="0">
  <testcase name="@BeforeTest setup" time="0.0" classname="com.cerner.pctorion.utilities.Settings">
    <failure type="org.testng.TestNGException" message="
Method setup requires 1 parameters but 0 were supplied in the @Configuration annotation.">
      <![CDATA[org.testng.TestNGException: 
Method setup requires 1 parameters but 0 were supplied in the @Configuration annotation.
... Removed 20 stack frames]]>
    </failure>
  </testcase> <!-- @BeforeTest setup -->
  <testcase name="@AfterTest tearDown" time="0.0" classname="com.cerner.pctorion.utilities.Settings">
    <skipped/>
  </testcase> <!-- @AfterTest tearDown -->
  <testcase name="testApp" time="0.004" classname="OrionProjects_Maven.OrionProjects_Maven.AppTest">
    <skipped/>
  </testcase> <!-- testApp -->
  <testcase name="VRPatientSearch" time="0.001" classname="com.cerner.pctorion.platformTests.ORN_VR_PatientSearch">
    <skipped/>
  </testcase> <!-- VRPatientSearch -->
</testsuite> <!-- Test -->
